\BOOKMARK [0][-]{chapter.1}{\376\377\000C\000l\000a\000s\000s\000\040\000I\000n\000d\000e\000x}{}% 1
\BOOKMARK [1][-]{section.1.1}{\376\377\000C\000l\000a\000s\000s\000\040\000L\000i\000s\000t}{chapter.1}% 2
\BOOKMARK [0][-]{chapter.2}{\376\377\000F\000i\000l\000e\000\040\000I\000n\000d\000e\000x}{}% 3
\BOOKMARK [1][-]{section.2.1}{\376\377\000F\000i\000l\000e\000\040\000L\000i\000s\000t}{chapter.2}% 4
\BOOKMARK [0][-]{chapter.3}{\376\377\000C\000l\000a\000s\000s\000\040\000D\000o\000c\000u\000m\000e\000n\000t\000a\000t\000i\000o\000n}{}% 5
\BOOKMARK [1][-]{section.3.1}{\376\377\000a\000r\000g\000u\000e\000m\000e\000n\000t\000s\000\040\000S\000t\000r\000u\000c\000t\000\040\000R\000e\000f\000e\000r\000e\000n\000c\000e}{chapter.3}% 6
\BOOKMARK [2][-]{subsection.3.1.1}{\376\377\000D\000e\000t\000a\000i\000l\000e\000d\000\040\000D\000e\000s\000c\000r\000i\000p\000t\000i\000o\000n}{section.3.1}% 7
\BOOKMARK [1][-]{section.3.2}{\376\377\000c\000o\000n\000f\000i\000g\000\137\000p\000a\000r\000a\000m\000s\000\040\000S\000t\000r\000u\000c\000t\000\040\000R\000e\000f\000e\000r\000e\000n\000c\000e}{chapter.3}% 8
\BOOKMARK [2][-]{subsection.3.2.1}{\376\377\000D\000e\000t\000a\000i\000l\000e\000d\000\040\000D\000e\000s\000c\000r\000i\000p\000t\000i\000o\000n}{section.3.2}% 9
\BOOKMARK [1][-]{section.3.3}{\376\377\000s\000e\000r\000v\000e\000r\000\137\000r\000e\000c\000o\000r\000d\000\040\000S\000t\000r\000u\000c\000t\000\040\000R\000e\000f\000e\000r\000e\000n\000c\000e}{chapter.3}% 10
\BOOKMARK [2][-]{subsection.3.3.1}{\376\377\000D\000e\000t\000a\000i\000l\000e\000d\000\040\000D\000e\000s\000c\000r\000i\000p\000t\000i\000o\000n}{section.3.3}% 11
\BOOKMARK [1][-]{section.3.4}{\376\377\000s\000t\000o\000r\000a\000g\000e\000\137\000r\000e\000c\000o\000r\000d\000\040\000S\000t\000r\000u\000c\000t\000\040\000R\000e\000f\000e\000r\000e\000n\000c\000e}{chapter.3}% 12
\BOOKMARK [2][-]{subsection.3.4.1}{\376\377\000D\000e\000t\000a\000i\000l\000e\000d\000\040\000D\000e\000s\000c\000r\000i\000p\000t\000i\000o\000n}{section.3.4}% 13
\BOOKMARK [1][-]{section.3.5}{\376\377\000y\000y\000\137\000b\000u\000f\000f\000e\000r\000\137\000s\000t\000a\000t\000e\000\040\000S\000t\000r\000u\000c\000t\000\040\000R\000e\000f\000e\000r\000e\000n\000c\000e}{chapter.3}% 14
\BOOKMARK [2][-]{subsection.3.5.1}{\376\377\000D\000e\000t\000a\000i\000l\000e\000d\000\040\000D\000e\000s\000c\000r\000i\000p\000t\000i\000o\000n}{section.3.5}% 15
\BOOKMARK [2][-]{subsection.3.5.2}{\376\377\000M\000e\000m\000b\000e\000r\000\040\000D\000a\000t\000a\000\040\000D\000o\000c\000u\000m\000e\000n\000t\000a\000t\000i\000o\000n}{section.3.5}% 16
\BOOKMARK [3][-]{subsubsection.3.5.2.1}{\376\377\000y\000y\000\137\000b\000s\000\137\000c\000o\000l\000u\000m\000n}{subsection.3.5.2}% 17
\BOOKMARK [3][-]{subsubsection.3.5.2.2}{\376\377\000y\000y\000\137\000b\000s\000\137\000l\000i\000n\000e\000n\000o}{subsection.3.5.2}% 18
\BOOKMARK [1][-]{section.3.6}{\376\377\000y\000y\000\137\000t\000r\000a\000n\000s\000\137\000i\000n\000f\000o\000\040\000S\000t\000r\000u\000c\000t\000\040\000R\000e\000f\000e\000r\000e\000n\000c\000e}{chapter.3}% 19
\BOOKMARK [2][-]{subsection.3.6.1}{\376\377\000D\000e\000t\000a\000i\000l\000e\000d\000\040\000D\000e\000s\000c\000r\000i\000p\000t\000i\000o\000n}{section.3.6}% 20
\BOOKMARK [1][-]{section.3.7}{\376\377\000y\000y\000a\000l\000l\000o\000c\000\040\000U\000n\000i\000o\000n\000\040\000R\000e\000f\000e\000r\000e\000n\000c\000e}{chapter.3}% 21
\BOOKMARK [2][-]{subsection.3.7.1}{\376\377\000D\000e\000t\000a\000i\000l\000e\000d\000\040\000D\000e\000s\000c\000r\000i\000p\000t\000i\000o\000n}{section.3.7}% 22
\BOOKMARK [1][-]{section.3.8}{\376\377\000Y\000Y\000S\000T\000Y\000P\000E\000\040\000U\000n\000i\000o\000n\000\040\000R\000e\000f\000e\000r\000e\000n\000c\000e}{chapter.3}% 23
\BOOKMARK [2][-]{subsection.3.8.1}{\376\377\000D\000e\000t\000a\000i\000l\000e\000d\000\040\000D\000e\000s\000c\000r\000i\000p\000t\000i\000o\000n}{section.3.8}% 24
\BOOKMARK [0][-]{chapter.4}{\376\377\000F\000i\000l\000e\000\040\000D\000o\000c\000u\000m\000e\000n\000t\000a\000t\000i\000o\000n}{}% 25
\BOOKMARK [1][-]{section.4.1}{\376\377\000e\000n\000c\000r\000y\000p\000t\000\137\000p\000a\000s\000s\000w\000d\000.\000c\000\040\000F\000i\000l\000e\000\040\000R\000e\000f\000e\000r\000e\000n\000c\000e}{chapter.4}% 26
\BOOKMARK [2][-]{subsection.4.1.1}{\376\377\000D\000e\000t\000a\000i\000l\000e\000d\000\040\000D\000e\000s\000c\000r\000i\000p\000t\000i\000o\000n}{section.4.1}% 27
\BOOKMARK [1][-]{section.4.2}{\376\377\000s\000e\000r\000v\000e\000r\000.\000c\000\040\000F\000i\000l\000e\000\040\000R\000e\000f\000e\000r\000e\000n\000c\000e}{chapter.4}% 28
\BOOKMARK [2][-]{subsection.4.2.1}{\376\377\000D\000e\000t\000a\000i\000l\000e\000d\000\040\000D\000e\000s\000c\000r\000i\000p\000t\000i\000o\000n}{section.4.2}% 29
\BOOKMARK [2][-]{subsection.4.2.2}{\376\377\000F\000u\000n\000c\000t\000i\000o\000n\000\040\000D\000o\000c\000u\000m\000e\000n\000t\000a\000t\000i\000o\000n}{section.4.2}% 30
\BOOKMARK [3][-]{subsubsection.4.2.2.1}{\376\377\000c\000h\000e\000c\000k\000\137\000c\000o\000l\000u\000m\000n\000\137\000t\000y\000p\000e\000s}{subsection.4.2.2}% 31
\BOOKMARK [3][-]{subsubsection.4.2.2.2}{\376\377\000c\000h\000e\000c\000k\000\137\000m\000y\000c\000o\000l\000u\000m\000n\000s}{subsection.4.2.2}% 32
\BOOKMARK [3][-]{subsubsection.4.2.2.3}{\376\377\000c\000h\000e\000c\000k\000\137\000m\000y\000c\000o\000l\000u\000m\000n\000s\000\137\000p\000r\000e\000d}{subsection.4.2.2}% 33
\BOOKMARK [3][-]{subsubsection.4.2.2.4}{\376\377\000c\000h\000e\000c\000k\000\137\000p\000r\000e\000d\000i\000c\000a\000t\000e\000s}{subsection.4.2.2}% 34
\BOOKMARK [3][-]{subsubsection.4.2.2.5}{\376\377\000d\000e\000l\000e\000t\000e\000\137\000c\000o\000m\000m\000a\000n\000d}{subsection.4.2.2}% 35
\BOOKMARK [3][-]{subsubsection.4.2.2.6}{\376\377\000g\000e\000t\000\137\000c\000o\000l\000u\000m\000n\000\137\000i\000n\000d\000e\000x}{subsection.4.2.2}% 36
\BOOKMARK [3][-]{subsubsection.4.2.2.7}{\376\377\000g\000e\000t\000\137\000c\000o\000l\000u\000m\000n\000\137\000t\000y\000p\000e}{subsection.4.2.2}% 37
\BOOKMARK [3][-]{subsubsection.4.2.2.8}{\376\377\000g\000e\000t\000\137\000c\000o\000m\000m\000a\000n\000d}{subsection.4.2.2}% 38
\BOOKMARK [3][-]{subsubsection.4.2.2.9}{\376\377\000h\000a\000n\000d\000l\000e\000\137\000c\000o\000m\000m\000a\000n\000d}{subsection.4.2.2}% 39
\BOOKMARK [3][-]{subsubsection.4.2.2.10}{\376\377\000h\000a\000s\000\137\000c\000o\000l\000u\000m\000n}{subsection.4.2.2}% 40
\BOOKMARK [3][-]{subsubsection.4.2.2.11}{\376\377\000h\000a\000s\000\137\000t\000a\000b\000l\000e}{subsection.4.2.2}% 41
\BOOKMARK [3][-]{subsubsection.4.2.2.12}{\376\377\000k\000e\000y\000\137\000e\000x\000i\000s\000t}{subsection.4.2.2}% 42
\BOOKMARK [3][-]{subsubsection.4.2.2.13}{\376\377\000m\000a\000i\000n}{subsection.4.2.2}% 43
\BOOKMARK [3][-]{subsubsection.4.2.2.14}{\376\377\000n\000u\000m\000\137\000c\000o\000l\000\137\000v\000a\000l}{subsection.4.2.2}% 44
\BOOKMARK [3][-]{subsubsection.4.2.2.15}{\376\377\000n\000u\000m\000\137\000o\000f\000\137\000p\000r\000e\000d\000i\000c\000a\000t\000e\000s}{subsection.4.2.2}% 45
\BOOKMARK [3][-]{subsubsection.4.2.2.16}{\376\377\000p\000a\000r\000s\000e\000\137\000p\000r\000e\000d\000i\000c\000a\000t\000e\000s}{subsection.4.2.2}% 46
\BOOKMARK [3][-]{subsubsection.4.2.2.17}{\376\377\000p\000a\000r\000s\000e\000\137\000v\000a\000l\000u\000e}{subsection.4.2.2}% 47
\BOOKMARK [3][-]{subsubsection.4.2.2.18}{\376\377\000p\000r\000e\000d\000i\000c\000a\000t\000e\000\137\000t\000r\000u\000e}{subsection.4.2.2}% 48
\BOOKMARK [3][-]{subsubsection.4.2.2.19}{\376\377\000p\000r\000e\000d\000i\000c\000a\000t\000e\000s\000\137\000t\000r\000u\000e}{subsection.4.2.2}% 49
\BOOKMARK [3][-]{subsubsection.4.2.2.20}{\376\377\000q\000u\000e\000r\000y\000\137\000c\000o\000m\000m\000a\000n\000d}{subsection.4.2.2}% 50
\BOOKMARK [3][-]{subsubsection.4.2.2.21}{\376\377\000s\000e\000t\000\137\000c\000o\000m\000m\000a\000n\000d}{subsection.4.2.2}% 51
\BOOKMARK [3][-]{subsubsection.4.2.2.22}{\376\377\000s\000p\000l\000i\000t\000\137\000q\000u\000e\000r\000y\000\137\000g\000e\000t\000\137\000c\000o\000l\000u\000m\000n}{subsection.4.2.2}% 52
\BOOKMARK [3][-]{subsubsection.4.2.2.23}{\376\377\000s\000p\000l\000i\000t\000\137\000q\000u\000e\000r\000y\000\137\000g\000e\000t\000\137\000v\000a\000l\000u\000e}{subsection.4.2.2}% 53
\BOOKMARK [3][-]{subsubsection.4.2.2.24}{\376\377\000t\000r\000i\000m}{subsection.4.2.2}% 54
\BOOKMARK [3][-]{subsubsection.4.2.2.25}{\376\377\000u\000p\000d\000a\000t\000e\000\137\000c\000o\000m\000m\000a\000n\000d}{subsection.4.2.2}% 55
\BOOKMARK [1][-]{section.4.3}{\376\377\000s\000t\000o\000r\000a\000g\000e\000.\000c\000\040\000F\000i\000l\000e\000\040\000R\000e\000f\000e\000r\000e\000n\000c\000e}{chapter.4}% 56
\BOOKMARK [2][-]{subsection.4.3.1}{\376\377\000D\000e\000t\000a\000i\000l\000e\000d\000\040\000D\000e\000s\000c\000r\000i\000p\000t\000i\000o\000n}{section.4.3}% 57
\BOOKMARK [2][-]{subsection.4.3.2}{\376\377\000F\000u\000n\000c\000t\000i\000o\000n\000\040\000D\000o\000c\000u\000m\000e\000n\000t\000a\000t\000i\000o\000n}{section.4.3}% 58
\BOOKMARK [3][-]{subsubsection.4.3.2.1}{\376\377\000s\000t\000o\000r\000a\000g\000e\000\137\000a\000u\000t\000h}{subsection.4.3.2}% 59
\BOOKMARK [3][-]{subsubsection.4.3.2.2}{\376\377\000s\000t\000o\000r\000a\000g\000e\000\137\000c\000o\000n\000n\000e\000c\000t}{subsection.4.3.2}% 60
\BOOKMARK [3][-]{subsubsection.4.3.2.3}{\376\377\000s\000t\000o\000r\000a\000g\000e\000\137\000d\000i\000s\000c\000o\000n\000n\000e\000c\000t}{subsection.4.3.2}% 61
\BOOKMARK [3][-]{subsubsection.4.3.2.4}{\376\377\000s\000t\000o\000r\000a\000g\000e\000\137\000g\000e\000t}{subsection.4.3.2}% 62
\BOOKMARK [3][-]{subsubsection.4.3.2.5}{\376\377\000s\000t\000o\000r\000a\000g\000e\000\137\000s\000e\000t}{subsection.4.3.2}% 63
\BOOKMARK [1][-]{section.4.4}{\376\377\000s\000t\000o\000r\000a\000g\000e\000.\000h\000\040\000F\000i\000l\000e\000\040\000R\000e\000f\000e\000r\000e\000n\000c\000e}{chapter.4}% 64
\BOOKMARK [2][-]{subsection.4.4.1}{\376\377\000D\000e\000t\000a\000i\000l\000e\000d\000\040\000D\000e\000s\000c\000r\000i\000p\000t\000i\000o\000n}{section.4.4}% 65
\BOOKMARK [2][-]{subsection.4.4.2}{\376\377\000F\000u\000n\000c\000t\000i\000o\000n\000\040\000D\000o\000c\000u\000m\000e\000n\000t\000a\000t\000i\000o\000n}{section.4.4}% 66
\BOOKMARK [3][-]{subsubsection.4.4.2.1}{\376\377\000s\000t\000o\000r\000a\000g\000e\000\137\000a\000u\000t\000h}{subsection.4.4.2}% 67
\BOOKMARK [3][-]{subsubsection.4.4.2.2}{\376\377\000s\000t\000o\000r\000a\000g\000e\000\137\000c\000o\000n\000n\000e\000c\000t}{subsection.4.4.2}% 68
\BOOKMARK [3][-]{subsubsection.4.4.2.3}{\376\377\000s\000t\000o\000r\000a\000g\000e\000\137\000d\000i\000s\000c\000o\000n\000n\000e\000c\000t}{subsection.4.4.2}% 69
\BOOKMARK [3][-]{subsubsection.4.4.2.4}{\376\377\000s\000t\000o\000r\000a\000g\000e\000\137\000g\000e\000t}{subsection.4.4.2}% 70
\BOOKMARK [3][-]{subsubsection.4.4.2.5}{\376\377\000s\000t\000o\000r\000a\000g\000e\000\137\000q\000u\000e\000r\000y}{subsection.4.4.2}% 71
\BOOKMARK [3][-]{subsubsection.4.4.2.6}{\376\377\000s\000t\000o\000r\000a\000g\000e\000\137\000s\000e\000t}{subsection.4.4.2}% 72
\BOOKMARK [1][-]{section.4.5}{\376\377\000u\000t\000i\000l\000s\000.\000c\000\040\000F\000i\000l\000e\000\040\000R\000e\000f\000e\000r\000e\000n\000c\000e}{chapter.4}% 73
\BOOKMARK [2][-]{subsection.4.5.1}{\376\377\000D\000e\000t\000a\000i\000l\000e\000d\000\040\000D\000e\000s\000c\000r\000i\000p\000t\000i\000o\000n}{section.4.5}% 74
\BOOKMARK [2][-]{subsection.4.5.2}{\376\377\000F\000u\000n\000c\000t\000i\000o\000n\000\040\000D\000o\000c\000u\000m\000e\000n\000t\000a\000t\000i\000o\000n}{section.4.5}% 75
\BOOKMARK [3][-]{subsubsection.4.5.2.1}{\376\377\000g\000e\000n\000e\000r\000a\000t\000e\000\137\000e\000n\000c\000r\000y\000p\000t\000e\000d\000\137\000p\000a\000s\000s\000w\000o\000r\000d}{subsection.4.5.2}% 76
\BOOKMARK [3][-]{subsubsection.4.5.2.2}{\376\377\000g\000e\000t\000\137\000p\000a\000r\000a\000m}{subsection.4.5.2}% 77
\BOOKMARK [3][-]{subsubsection.4.5.2.3}{\376\377\000l\000o\000g\000g\000e\000r}{subsection.4.5.2}% 78
\BOOKMARK [3][-]{subsubsection.4.5.2.4}{\376\377\000r\000e\000a\000d\000\137\000c\000o\000n\000f\000i\000g}{subsection.4.5.2}% 79
\BOOKMARK [3][-]{subsubsection.4.5.2.5}{\376\377\000r\000e\000c\000v\000l\000i\000n\000e}{subsection.4.5.2}% 80
\BOOKMARK [3][-]{subsubsection.4.5.2.6}{\376\377\000s\000e\000n\000d\000a\000l\000l}{subsection.4.5.2}% 81
\BOOKMARK [1][-]{section.4.6}{\376\377\000u\000t\000i\000l\000s\000.\000h\000\040\000F\000i\000l\000e\000\040\000R\000e\000f\000e\000r\000e\000n\000c\000e}{chapter.4}% 82
\BOOKMARK [2][-]{subsection.4.6.1}{\376\377\000D\000e\000t\000a\000i\000l\000e\000d\000\040\000D\000e\000s\000c\000r\000i\000p\000t\000i\000o\000n}{section.4.6}% 83
\BOOKMARK [2][-]{subsection.4.6.2}{\376\377\000M\000a\000c\000r\000o\000\040\000D\000e\000f\000i\000n\000i\000t\000i\000o\000n\000\040\000D\000o\000c\000u\000m\000e\000n\000t\000a\000t\000i\000o\000n}{section.4.6}% 84
\BOOKMARK [3][-]{subsubsection.4.6.2.1}{\376\377\000D\000B\000G}{subsection.4.6.2}% 85
\BOOKMARK [3][-]{subsubsection.4.6.2.2}{\376\377\000L\000O\000G}{subsection.4.6.2}% 86
\BOOKMARK [2][-]{subsection.4.6.3}{\376\377\000F\000u\000n\000c\000t\000i\000o\000n\000\040\000D\000o\000c\000u\000m\000e\000n\000t\000a\000t\000i\000o\000n}{section.4.6}% 87
\BOOKMARK [3][-]{subsubsection.4.6.3.1}{\376\377\000g\000e\000n\000e\000r\000a\000t\000e\000\137\000e\000n\000c\000r\000y\000p\000t\000e\000d\000\137\000p\000a\000s\000s\000w\000o\000r\000d}{subsection.4.6.3}% 88
\BOOKMARK [3][-]{subsubsection.4.6.3.2}{\376\377\000g\000e\000t\000\137\000p\000a\000r\000a\000m}{subsection.4.6.3}% 89
\BOOKMARK [3][-]{subsubsection.4.6.3.3}{\376\377\000l\000o\000g\000g\000e\000r}{subsection.4.6.3}% 90
\BOOKMARK [3][-]{subsubsection.4.6.3.4}{\376\377\000r\000e\000a\000d\000\137\000c\000o\000n\000f\000i\000g}{subsection.4.6.3}% 91
\BOOKMARK [3][-]{subsubsection.4.6.3.5}{\376\377\000r\000e\000c\000v\000l\000i\000n\000e}{subsection.4.6.3}% 92
\BOOKMARK [3][-]{subsubsection.4.6.3.6}{\376\377\000s\000e\000n\000d\000a\000l\000l}{subsection.4.6.3}% 93
